<?xml version="1.0" encoding="UTF-8"?>
<testng-results skipped="0" failed="0" ignored="0" total="2" passed="2">
  <reporter-output>
  </reporter-output>
  <suite name="Default suite" duration-ms="6586" started-at="2021-11-11T23:08:15 IST" finished-at="2021-11-11T23:08:22 IST">
    <groups>
    </groups>
    <test name="Default test" duration-ms="6586" started-at="2021-11-11T23:08:15 IST" finished-at="2021-11-11T23:08:22 IST">
      <class name="com.responseValidationtestscripts.SamePostRequestMultipleDataProviderTest">
        <test-method status="PASS" signature="samePostRequestMultipleDataProviderTest(java.lang.String, java.lang.String, java.lang.String, int)[pri:0, instance:com.responseValidationtestscripts.SamePostRequestMultipleDataProviderTest@5f282abb]" name="samePostRequestMultipleDataProviderTest" duration-ms="6224" started-at="2021-11-11T23:08:15 IST" data-provider="dataProvider" finished-at="2021-11-11T23:08:21 IST">
          <params>
            <param index="0">
              <value>
                <![CDATA[xa]]>
              </value>
            </param>
            <param index="1">
              <value>
                <![CDATA[xab@]]>
              </value>
            </param>
            <param index="2">
              <value>
                <![CDATA[created]]>
              </value>
            </param>
            <param index="3">
              <value>
                <![CDATA[8]]>
              </value>
            </param>
          </params>
          <reporter-output>
          </reporter-output>
        </test-method> <!-- samePostRequestMultipleDataProviderTest -->
        <test-method status="PASS" signature="samePostRequestMultipleDataProviderTest(java.lang.String, java.lang.String, java.lang.String, int)[pri:0, instance:com.responseValidationtestscripts.SamePostRequestMultipleDataProviderTest@5f282abb]" name="samePostRequestMultipleDataProviderTest" duration-ms="188" started-at="2021-11-11T23:08:21 IST" data-provider="dataProvider" finished-at="2021-11-11T23:08:22 IST">
          <params>
            <param index="0">
              <value>
                <![CDATA[yabc]]>
              </value>
            </param>
            <param index="1">
              <value>
                <![CDATA[yad@2]]>
              </value>
            </param>
            <param index="2">
              <value>
                <![CDATA[created]]>
              </value>
            </param>
            <param index="3">
              <value>
                <![CDATA[8]]>
              </value>
            </param>
          </params>
          <reporter-output>
          </reporter-output>
        </test-method> <!-- samePostRequestMultipleDataProviderTest -->
      </class> <!-- com.responseValidationtestscripts.SamePostRequestMultipleDataProviderTest -->
    </test> <!-- Default test -->
  </suite> <!-- Default suite -->
</testng-results>
