<?xml version="1.0" encoding="UTF-8"?>
<!-- Generated by org.testng.reporters.JUnitXMLReporter -->
<testsuite hostname="DESKTOP-TDJ6NPK" ignored="0" name="Default test" tests="2" failures="0" timestamp="2021-11-11T23:08:22 IST" time="6.586" errors="0">
  <testcase name="samePostRequestMultipleDataProviderTest" time="6.224" classname="com.responseValidationtestscripts.SamePostRequestMultipleDataProviderTest"/>
  <testcase name="samePostRequestMultipleDataProviderTest" time="0.188" classname="com.responseValidationtestscripts.SamePostRequestMultipleDataProviderTest"/>
</testsuite> <!-- Default test -->
